0 verbose cli [
0 verbose cli   '/opt/conda/bin/node',
0 verbose cli   '/opt/conda/bin/npm',
0 verbose cli   'pack',
0 verbose cli   'jupyterlab_dark_solar_theme'
0 verbose cli ]
1 info using npm@8.5.5
2 info using node@v17.9.0
3 timing npm:load:whichnode Completed in 0ms
4 timing config:load:defaults Completed in 12ms
5 timing config:load:file:/opt/conda/lib/node_modules/npm/npmrc Completed in 8ms
6 timing config:load:builtin Completed in 10ms
7 timing config:load:cli Completed in 8ms
8 timing config:load:env Completed in 2ms
9 timing config:load:file:/tmp/tmp5u3jontl/.npmrc Completed in 2ms
10 timing config:load:project Completed in 62ms
11 timing config:load:file:/home/jovyan/.npmrc Completed in 2ms
12 timing config:load:user Completed in 3ms
13 timing config:load:file:/opt/conda/etc/npmrc Completed in 1ms
14 timing config:load:global Completed in 1ms
15 timing config:load:validate Completed in 1ms
16 timing config:load:credentials Completed in 9ms
17 timing config:load:setEnvs Completed in 6ms
18 timing config:load Completed in 127ms
19 timing npm:load:configload Completed in 128ms
20 timing npm:load:setTitle Completed in 2ms
21 timing config:load:flatten Completed in 20ms
22 timing npm:load:display Completed in 26ms
23 verbose logfile /home/jovyan/.npm/_logs/2022-07-21T04_34_28_376Z-debug-0.log
24 timing npm:load:logFile Completed in 63ms
25 timing npm:load:timers Completed in 0ms
26 timing npm:load:configScope Completed in 0ms
27 timing npm:load Completed in 229ms
28 http fetch GET 200 https://registry.npmjs.org/npm 676ms (cache miss)
29 http fetch GET 200 https://registry.npmjs.org/jupyterlab_dark_solar_theme 968ms (cache miss)
30 http fetch GET 200 https://registry.npmjs.org/jupyterlab_dark_solar_theme 73ms (cache hit)
31 silly tarball no local data for https://registry.npmjs.org/jupyterlab_dark_solar_theme/-/jupyterlab_dark_solar_theme-1.0.3.tgz. Extracting by manifest.
32 http fetch GET 200 https://registry.npmjs.org/jupyterlab_dark_solar_theme/-/jupyterlab_dark_solar_theme-1.0.3.tgz 540ms (cache miss)
33 notice
34 notice 📦  jupyterlab_dark_solar_theme@1.0.3
35 notice === Tarball Contents ===
36 notice 1.5kB  LICENSE            
36 notice 449B   README.md          
36 notice 191B   lib/index.d.ts     
36 notice 661B   lib/index.js       
36 notice 1.7kB  package.json       
36 notice 25.9kB style/index.css    
36 notice 72.5kB style/urls.css     
36 notice 15.4kB style/variables.css
37 notice === Tarball Details ===
38 notice name:          jupyterlab_dark_solar_theme             
38 notice version:       1.0.3                                   
38 notice filename:      jupyterlab_dark_solar_theme-1.0.3.tgz   
38 notice package size:  26.3 kB                                 
38 notice unpacked size: 118.4 kB                                
38 notice shasum:        c8909a85e44bc66339f1b193b8df5df49e3fc616
38 notice integrity:     sha512-2erDLqUZasbqd[...]/kYMwyo4qkmwA==
38 notice total files:   8                                       
39 notice
40 timing command:pack Completed in 1751ms
41 notice
41 notice New minor version of npm available! 8.5.5 -> 8.15.0
41 notice Changelog: <https://github.com/npm/cli/releases/tag/v8.15.0>
41 notice Run `npm install -g npm@8.15.0` to update!
41 notice
42 verbose exit 0
43 timing npm Completed in 2930ms
44 info ok
